Using Logback - 2020-12-16 13:28:15,550 INFO org.springframework.boot.StartupInfoLogger [restartedMain] Starting SportyShoesApplication on T2dstudio with PID 13568 (C:\Eclipse STS\sporty-shoes-rest-api\target\classes started by cash america in C:\Eclipse STS\sporty-shoes-rest-api)
Using Logback - 2020-12-16 13:28:15,581 DEBUG org.springframework.boot.StartupInfoLogger [restartedMain] Running with Spring Boot v2.3.2.RELEASE, Spring v5.2.8.RELEASE
Using Logback - 2020-12-16 13:28:15,583 INFO org.springframework.boot.SpringApplication [restartedMain] No active profile set, falling back to default profiles: default
Using Logback - 2020-12-16 13:28:15,847 INFO org.springframework.boot.logging.DeferredLog [restartedMain] Devtools property defaults active! Set 'spring.devtools.add-properties' to 'false' to disable
Using Logback - 2020-12-16 13:28:15,848 INFO org.springframework.boot.logging.DeferredLog [restartedMain] For additional web related logging consider setting the 'logging.level.web' property to 'DEBUG'
Using Logback - 2020-12-16 13:28:20,174 INFO org.springframework.data.repository.config.RepositoryConfigurationDelegate [restartedMain] Bootstrapping Spring Data JPA repositories in DEFERRED mode.
Using Logback - 2020-12-16 13:28:20,497 INFO org.springframework.data.repository.config.RepositoryConfigurationDelegate [restartedMain] Finished Spring Data repository scanning in 286ms. Found 3 JPA repository interfaces.
Using Logback - 2020-12-16 13:28:22,933 INFO org.springframework.boot.web.embedded.tomcat.TomcatWebServer [restartedMain] Tomcat initialized with port(s): 8080 (http)
Using Logback - 2020-12-16 13:28:22,991 INFO org.apache.juli.logging.DirectJDKLog [restartedMain] Initializing ProtocolHandler ["http-nio-8080"]
Using Logback - 2020-12-16 13:28:22,994 INFO org.apache.juli.logging.DirectJDKLog [restartedMain] Starting service [Tomcat]
Using Logback - 2020-12-16 13:28:22,995 INFO org.apache.juli.logging.DirectJDKLog [restartedMain] Starting Servlet engine: [Apache Tomcat/9.0.37]
Using Logback - 2020-12-16 13:28:23,438 INFO org.apache.juli.logging.DirectJDKLog [restartedMain] Initializing Spring embedded WebApplicationContext
Using Logback - 2020-12-16 13:28:23,440 INFO org.springframework.boot.web.servlet.context.ServletWebServerApplicationContext [restartedMain] Root WebApplicationContext: initialization completed in 7591 ms
Using Logback - 2020-12-16 13:28:23,876 INFO org.springframework.scheduling.concurrent.ExecutorConfigurationSupport [restartedMain] Initializing ExecutorService 'applicationTaskExecutor'
Using Logback - 2020-12-16 13:28:24,069 INFO org.hibernate.jpa.internal.util.LogHelper [task-1] HHH000204: Processing PersistenceUnitInfo [name: default]
Using Logback - 2020-12-16 13:28:24,420 WARN org.springframework.boot.autoconfigure.orm.jpa.JpaBaseConfiguration$JpaWebConfiguration [restartedMain] spring.jpa.open-in-view is enabled by default. Therefore, database queries may be performed during view rendering. Explicitly configure spring.jpa.open-in-view to disable this warning
Using Logback - 2020-12-16 13:28:24,592 INFO org.hibernate.Version [task-1] HHH000412: Hibernate ORM core version 5.4.18.Final
Using Logback - 2020-12-16 13:28:25,391 INFO org.hibernate.annotations.common.reflection.java.JavaReflectionManager [task-1] HCANN000001: Hibernate Commons Annotations {5.1.0.Final}
Using Logback - 2020-12-16 13:28:25,917 INFO com.zaxxer.hikari.HikariDataSource [task-1] HikariPool-1 - Starting...
Using Logback - 2020-12-16 13:28:26,413 INFO springfox.documentation.spring.web.PropertySourcedRequestMappingHandlerMapping [restartedMain] Mapped URL path [/v2/api-docs] onto method [springfox.documentation.swagger2.web.Swagger2Controller#getDocumentation(String, HttpServletRequest)]
Using Logback - 2020-12-16 13:28:27,702 INFO org.springframework.security.web.DefaultSecurityFilterChain [restartedMain] Creating filter chain: any request, [org.springframework.security.web.context.request.async.WebAsyncManagerIntegrationFilter@3fa2dcca, org.springframework.security.web.context.SecurityContextPersistenceFilter@6b09d775, org.springframework.security.web.header.HeaderWriterFilter@1c8a61c, org.springframework.security.web.csrf.CsrfFilter@5ca86a83, org.springframework.security.web.authentication.logout.LogoutFilter@7169c5e2, org.springframework.security.web.authentication.UsernamePasswordAuthenticationFilter@2150c286, org.springframework.security.web.authentication.ui.DefaultLoginPageGeneratingFilter@4d714512, org.springframework.security.web.authentication.ui.DefaultLogoutPageGeneratingFilter@56595e2, org.springframework.security.web.authentication.www.BasicAuthenticationFilter@36dbad63, org.springframework.security.web.savedrequest.RequestCacheAwareFilter@4d0727b4, org.springframework.security.web.servletapi.SecurityContextHolderAwareRequestFilter@3becf866, org.springframework.security.web.authentication.AnonymousAuthenticationFilter@c4c96c0, org.springframework.security.web.session.SessionManagementFilter@77c34c38, org.springframework.security.web.access.ExceptionTranslationFilter@a7209f5, org.springframework.security.web.access.intercept.FilterSecurityInterceptor@e4c8167]
Using Logback - 2020-12-16 13:28:29,187 INFO com.zaxxer.hikari.HikariDataSource [task-1] HikariPool-1 - Start completed.
Using Logback - 2020-12-16 13:28:29,266 INFO org.hibernate.dialect.Dialect [task-1] HHH000400: Using dialect: org.hibernate.dialect.MySQL5Dialect
Using Logback - 2020-12-16 13:28:38,875 INFO org.hibernate.engine.transaction.jta.platform.internal.JtaPlatformInitiator [task-1] HHH000490: Using JtaPlatform implementation: [org.hibernate.engine.transaction.jta.platform.internal.NoJtaPlatform]
Using Logback - 2020-12-16 13:28:38,911 INFO org.springframework.orm.jpa.AbstractEntityManagerFactoryBean [task-1] Initialized JPA EntityManagerFactory for persistence unit 'default'
Using Logback - 2020-12-16 13:28:57,732 INFO org.springframework.boot.devtools.autoconfigure.OptionalLiveReloadServer [task-2] LiveReload server is running on port 35729
Using Logback - 2020-12-16 13:28:58,745 INFO org.springframework.boot.autoconfigure.web.servlet.WelcomePageHandlerMapping [restartedMain] Adding welcome page template: index
Using Logback - 2020-12-16 13:28:59,404 INFO org.apache.juli.logging.DirectJDKLog [restartedMain] Starting ProtocolHandler ["http-nio-8080"]
Using Logback - 2020-12-16 13:28:59,517 WARN org.springframework.context.support.AbstractApplicationContext [restartedMain] Exception encountered during context initialization - cancelling refresh attempt: org.springframework.context.ApplicationContextException: Failed to start bean 'webServerStartStop'; nested exception is org.springframework.boot.web.server.PortInUseException: Port 8080 is already in use
Using Logback - 2020-12-16 13:28:59,526 INFO org.springframework.orm.jpa.AbstractEntityManagerFactoryBean [restartedMain] Closing JPA EntityManagerFactory for persistence unit 'default'
Using Logback - 2020-12-16 13:28:59,527 INFO org.hibernate.tool.schema.internal.SchemaDropperImpl$DelayedDropActionImpl [restartedMain] HHH000477: Starting delayed evictData of schema as part of SessionFactory shut-down'
Using Logback - 2020-12-16 13:29:00,468 INFO org.springframework.scheduling.concurrent.ExecutorConfigurationSupport [restartedMain] Shutting down ExecutorService 'applicationTaskExecutor'
Using Logback - 2020-12-16 13:29:00,475 INFO com.zaxxer.hikari.HikariDataSource [restartedMain] HikariPool-1 - Shutdown initiated...
Using Logback - 2020-12-16 13:29:00,490 INFO com.zaxxer.hikari.HikariDataSource [restartedMain] HikariPool-1 - Shutdown completed.
Using Logback - 2020-12-16 13:29:00,494 INFO org.apache.juli.logging.DirectJDKLog [restartedMain] Pausing ProtocolHandler ["http-nio-8080"]
Using Logback - 2020-12-16 13:29:00,495 INFO org.apache.juli.logging.DirectJDKLog [restartedMain] Stopping service [Tomcat]
Using Logback - 2020-12-16 13:29:00,742 INFO org.apache.juli.logging.DirectJDKLog [restartedMain] Stopping ProtocolHandler ["http-nio-8080"]
Using Logback - 2020-12-16 13:29:00,743 INFO org.apache.juli.logging.DirectJDKLog [restartedMain] Destroying ProtocolHandler ["http-nio-8080"]
Using Logback - 2020-12-16 13:29:00,758 INFO org.springframework.boot.autoconfigure.logging.ConditionEvaluationReportLoggingListener [restartedMain] 

Error starting ApplicationContext. To display the conditions report re-run your application with 'debug' enabled.
Using Logback - 2020-12-16 13:29:00,837 ERROR org.springframework.boot.diagnostics.LoggingFailureAnalysisReporter [restartedMain] 

***************************
APPLICATION FAILED TO START
***************************

Description:

Web server failed to start. Port 8080 was already in use.

Action:

Identify and stop the process that's listening on port 8080 or configure this application to listen on another port.

Using Logback - 2020-12-16 13:31:42,173 INFO org.springframework.boot.StartupInfoLogger [restartedMain] Starting SportyShoesApplication on T2dstudio with PID 15796 (C:\Eclipse STS\sporty-shoes-rest-api\target\classes started by cash america in C:\Eclipse STS\sporty-shoes-rest-api)
Using Logback - 2020-12-16 13:31:42,185 DEBUG org.springframework.boot.StartupInfoLogger [restartedMain] Running with Spring Boot v2.3.2.RELEASE, Spring v5.2.8.RELEASE
Using Logback - 2020-12-16 13:31:42,188 INFO org.springframework.boot.SpringApplication [restartedMain] No active profile set, falling back to default profiles: default
Using Logback - 2020-12-16 13:31:42,406 INFO org.springframework.boot.logging.DeferredLog [restartedMain] Devtools property defaults active! Set 'spring.devtools.add-properties' to 'false' to disable
Using Logback - 2020-12-16 13:31:42,407 INFO org.springframework.boot.logging.DeferredLog [restartedMain] For additional web related logging consider setting the 'logging.level.web' property to 'DEBUG'
Using Logback - 2020-12-16 13:31:45,077 INFO org.springframework.data.repository.config.RepositoryConfigurationDelegate [restartedMain] Bootstrapping Spring Data JPA repositories in DEFERRED mode.
Using Logback - 2020-12-16 13:31:45,290 INFO org.springframework.data.repository.config.RepositoryConfigurationDelegate [restartedMain] Finished Spring Data repository scanning in 194ms. Found 3 JPA repository interfaces.
Using Logback - 2020-12-16 13:31:46,776 INFO org.springframework.boot.web.embedded.tomcat.TomcatWebServer [restartedMain] Tomcat initialized with port(s): 8082 (http)
Using Logback - 2020-12-16 13:31:46,796 INFO org.apache.juli.logging.DirectJDKLog [restartedMain] Initializing ProtocolHandler ["http-nio-8082"]
Using Logback - 2020-12-16 13:31:46,798 INFO org.apache.juli.logging.DirectJDKLog [restartedMain] Starting service [Tomcat]
Using Logback - 2020-12-16 13:31:46,798 INFO org.apache.juli.logging.DirectJDKLog [restartedMain] Starting Servlet engine: [Apache Tomcat/9.0.37]
Using Logback - 2020-12-16 13:31:47,405 INFO org.apache.juli.logging.DirectJDKLog [restartedMain] Initializing Spring embedded WebApplicationContext
Using Logback - 2020-12-16 13:31:47,408 INFO org.springframework.boot.web.servlet.context.ServletWebServerApplicationContext [restartedMain] Root WebApplicationContext: initialization completed in 4998 ms
Using Logback - 2020-12-16 13:31:48,044 INFO org.springframework.scheduling.concurrent.ExecutorConfigurationSupport [restartedMain] Initializing ExecutorService 'applicationTaskExecutor'
Using Logback - 2020-12-16 13:31:48,167 INFO org.hibernate.jpa.internal.util.LogHelper [task-1] HHH000204: Processing PersistenceUnitInfo [name: default]
Using Logback - 2020-12-16 13:31:48,466 WARN org.springframework.boot.autoconfigure.orm.jpa.JpaBaseConfiguration$JpaWebConfiguration [restartedMain] spring.jpa.open-in-view is enabled by default. Therefore, database queries may be performed during view rendering. Explicitly configure spring.jpa.open-in-view to disable this warning
Using Logback - 2020-12-16 13:31:48,471 INFO org.hibernate.Version [task-1] HHH000412: Hibernate ORM core version 5.4.18.Final
Using Logback - 2020-12-16 13:31:48,844 INFO org.hibernate.annotations.common.reflection.java.JavaReflectionManager [task-1] HCANN000001: Hibernate Commons Annotations {5.1.0.Final}
Using Logback - 2020-12-16 13:31:49,188 INFO com.zaxxer.hikari.HikariDataSource [task-1] HikariPool-1 - Starting...
Using Logback - 2020-12-16 13:31:49,447 INFO springfox.documentation.spring.web.PropertySourcedRequestMappingHandlerMapping [restartedMain] Mapped URL path [/v2/api-docs] onto method [springfox.documentation.swagger2.web.Swagger2Controller#getDocumentation(String, HttpServletRequest)]
Using Logback - 2020-12-16 13:31:49,622 INFO com.zaxxer.hikari.HikariDataSource [task-1] HikariPool-1 - Start completed.
Using Logback - 2020-12-16 13:31:49,667 INFO org.hibernate.dialect.Dialect [task-1] HHH000400: Using dialect: org.hibernate.dialect.MySQL5Dialect
Using Logback - 2020-12-16 13:31:50,042 INFO org.springframework.security.web.DefaultSecurityFilterChain [restartedMain] Creating filter chain: any request, [org.springframework.security.web.context.request.async.WebAsyncManagerIntegrationFilter@79f8ab32, org.springframework.security.web.context.SecurityContextPersistenceFilter@565773f5, org.springframework.security.web.header.HeaderWriterFilter@3ab66ebd, org.springframework.security.web.csrf.CsrfFilter@10df160d, org.springframework.security.web.authentication.logout.LogoutFilter@64fafdd, org.springframework.security.web.authentication.UsernamePasswordAuthenticationFilter@407a5036, org.springframework.security.web.authentication.ui.DefaultLoginPageGeneratingFilter@77144745, org.springframework.security.web.authentication.ui.DefaultLogoutPageGeneratingFilter@394f5c19, org.springframework.security.web.authentication.www.BasicAuthenticationFilter@779a16fe, org.springframework.security.web.savedrequest.RequestCacheAwareFilter@36227285, org.springframework.security.web.servletapi.SecurityContextHolderAwareRequestFilter@7e23c079, org.springframework.security.web.authentication.AnonymousAuthenticationFilter@8e50bb1, org.springframework.security.web.session.SessionManagementFilter@5bd101bb, org.springframework.security.web.access.ExceptionTranslationFilter@23dd8afd, org.springframework.security.web.access.intercept.FilterSecurityInterceptor@64948ef6]
Using Logback - 2020-12-16 13:31:54,840 INFO org.hibernate.engine.transaction.jta.platform.internal.JtaPlatformInitiator [task-1] HHH000490: Using JtaPlatform implementation: [org.hibernate.engine.transaction.jta.platform.internal.NoJtaPlatform]
Using Logback - 2020-12-16 13:31:54,864 INFO org.springframework.orm.jpa.AbstractEntityManagerFactoryBean [task-1] Initialized JPA EntityManagerFactory for persistence unit 'default'
Using Logback - 2020-12-16 13:32:10,196 INFO org.springframework.boot.devtools.autoconfigure.OptionalLiveReloadServer [task-2] LiveReload server is running on port 35729
Using Logback - 2020-12-16 13:32:10,701 INFO org.springframework.boot.autoconfigure.web.servlet.WelcomePageHandlerMapping [restartedMain] Adding welcome page template: index
Using Logback - 2020-12-16 13:32:11,547 INFO org.apache.juli.logging.DirectJDKLog [restartedMain] Starting ProtocolHandler ["http-nio-8082"]
Using Logback - 2020-12-16 13:32:11,656 INFO org.springframework.boot.web.embedded.tomcat.TomcatWebServer [restartedMain] Tomcat started on port(s): 8082 (http) with context path ''
Using Logback - 2020-12-16 13:32:11,660 INFO springfox.documentation.spring.web.plugins.DocumentationPluginsBootstrapper [restartedMain] Context refreshed
Using Logback - 2020-12-16 13:32:11,835 INFO springfox.documentation.spring.web.plugins.DocumentationPluginsBootstrapper [restartedMain] Found 1 custom documentation plugin(s)
Using Logback - 2020-12-16 13:32:11,911 INFO springfox.documentation.spring.web.scanners.ApiListingReferenceScanner [restartedMain] Scanning for api listing references
Using Logback - 2020-12-16 13:32:12,470 INFO org.springframework.data.repository.config.DeferredRepositoryInitializationListener [restartedMain] Triggering deferred initialization of Spring Data repositories…
Using Logback - 2020-12-16 13:32:12,472 INFO org.springframework.data.repository.config.DeferredRepositoryInitializationListener [restartedMain] Spring Data repositories initialized!
Using Logback - 2020-12-16 13:32:12,497 INFO org.springframework.boot.StartupInfoLogger [restartedMain] Started SportyShoesApplication in 32.177 seconds (JVM running for 34.519)
Using Logback - 2020-12-16 14:28:06,520 INFO org.springframework.orm.jpa.AbstractEntityManagerFactoryBean [Thread-6] Closing JPA EntityManagerFactory for persistence unit 'default'
Using Logback - 2020-12-16 14:28:06,521 INFO org.hibernate.tool.schema.internal.SchemaDropperImpl$DelayedDropActionImpl [Thread-6] HHH000477: Starting delayed evictData of schema as part of SessionFactory shut-down'
Using Logback - 2020-12-16 14:28:06,973 INFO org.springframework.scheduling.concurrent.ExecutorConfigurationSupport [Thread-6] Shutting down ExecutorService 'applicationTaskExecutor'
Using Logback - 2020-12-16 14:28:06,980 INFO com.zaxxer.hikari.HikariDataSource [Thread-6] HikariPool-1 - Shutdown initiated...
Using Logback - 2020-12-16 14:28:06,999 INFO com.zaxxer.hikari.HikariDataSource [Thread-6] HikariPool-1 - Shutdown completed.
Using Logback - 2020-12-16 14:28:07,404 INFO org.springframework.boot.StartupInfoLogger [restartedMain] Starting SportyShoesApplication on T2dstudio with PID 15796 (C:\Eclipse STS\sporty-shoes-rest-api\target\classes started by cash america in C:\Eclipse STS\sporty-shoes-rest-api)
Using Logback - 2020-12-16 14:28:07,404 DEBUG org.springframework.boot.StartupInfoLogger [restartedMain] Running with Spring Boot v2.3.2.RELEASE, Spring v5.2.8.RELEASE
Using Logback - 2020-12-16 14:28:07,405 INFO org.springframework.boot.SpringApplication [restartedMain] No active profile set, falling back to default profiles: default
Using Logback - 2020-12-16 14:28:17,740 INFO org.springframework.boot.StartupInfoLogger [restartedMain] Starting SportyShoesApplication on T2dstudio with PID 16424 (C:\Eclipse STS\sporty-shoes-rest-api\target\classes started by cash america in C:\Eclipse STS\sporty-shoes-rest-api)
Using Logback - 2020-12-16 14:28:17,751 DEBUG org.springframework.boot.StartupInfoLogger [restartedMain] Running with Spring Boot v2.3.2.RELEASE, Spring v5.2.8.RELEASE
Using Logback - 2020-12-16 14:28:17,752 INFO org.springframework.boot.SpringApplication [restartedMain] No active profile set, falling back to default profiles: default
Using Logback - 2020-12-16 14:28:18,017 INFO org.springframework.boot.logging.DeferredLog [restartedMain] Devtools property defaults active! Set 'spring.devtools.add-properties' to 'false' to disable
Using Logback - 2020-12-16 14:28:18,019 INFO org.springframework.boot.logging.DeferredLog [restartedMain] For additional web related logging consider setting the 'logging.level.web' property to 'DEBUG'
Using Logback - 2020-12-16 14:28:20,509 INFO org.springframework.data.repository.config.RepositoryConfigurationDelegate [restartedMain] Bootstrapping Spring Data JPA repositories in DEFERRED mode.
Using Logback - 2020-12-16 14:28:20,743 INFO org.springframework.data.repository.config.RepositoryConfigurationDelegate [restartedMain] Finished Spring Data repository scanning in 213ms. Found 3 JPA repository interfaces.
Using Logback - 2020-12-16 14:28:22,978 INFO org.springframework.boot.web.embedded.tomcat.TomcatWebServer [restartedMain] Tomcat initialized with port(s): 8081 (http)
Using Logback - 2020-12-16 14:28:22,999 INFO org.apache.juli.logging.DirectJDKLog [restartedMain] Initializing ProtocolHandler ["http-nio-8081"]
Using Logback - 2020-12-16 14:28:23,000 INFO org.apache.juli.logging.DirectJDKLog [restartedMain] Starting service [Tomcat]
Using Logback - 2020-12-16 14:28:23,002 INFO org.apache.juli.logging.DirectJDKLog [restartedMain] Starting Servlet engine: [Apache Tomcat/9.0.37]
Using Logback - 2020-12-16 14:28:23,364 INFO org.apache.juli.logging.DirectJDKLog [restartedMain] Initializing Spring embedded WebApplicationContext
Using Logback - 2020-12-16 14:28:23,365 INFO org.springframework.boot.web.servlet.context.ServletWebServerApplicationContext [restartedMain] Root WebApplicationContext: initialization completed in 5346 ms
Using Logback - 2020-12-16 14:28:23,694 INFO org.springframework.scheduling.concurrent.ExecutorConfigurationSupport [restartedMain] Initializing ExecutorService 'applicationTaskExecutor'
Using Logback - 2020-12-16 14:28:23,805 INFO org.hibernate.jpa.internal.util.LogHelper [task-1] HHH000204: Processing PersistenceUnitInfo [name: default]
Using Logback - 2020-12-16 14:28:24,068 WARN org.springframework.boot.autoconfigure.orm.jpa.JpaBaseConfiguration$JpaWebConfiguration [restartedMain] spring.jpa.open-in-view is enabled by default. Therefore, database queries may be performed during view rendering. Explicitly configure spring.jpa.open-in-view to disable this warning
Using Logback - 2020-12-16 14:28:24,090 INFO org.hibernate.Version [task-1] HHH000412: Hibernate ORM core version 5.4.18.Final
Using Logback - 2020-12-16 14:28:24,483 INFO org.hibernate.annotations.common.reflection.java.JavaReflectionManager [task-1] HCANN000001: Hibernate Commons Annotations {5.1.0.Final}
Using Logback - 2020-12-16 14:28:24,830 INFO com.zaxxer.hikari.HikariDataSource [task-1] HikariPool-1 - Starting...
Using Logback - 2020-12-16 14:28:25,096 INFO springfox.documentation.spring.web.PropertySourcedRequestMappingHandlerMapping [restartedMain] Mapped URL path [/v2/api-docs] onto method [springfox.documentation.swagger2.web.Swagger2Controller#getDocumentation(String, HttpServletRequest)]
Using Logback - 2020-12-16 14:28:25,273 INFO com.zaxxer.hikari.HikariDataSource [task-1] HikariPool-1 - Start completed.
Using Logback - 2020-12-16 14:28:25,321 INFO org.hibernate.dialect.Dialect [task-1] HHH000400: Using dialect: org.hibernate.dialect.MySQL5Dialect
Using Logback - 2020-12-16 14:28:25,695 INFO org.springframework.security.web.DefaultSecurityFilterChain [restartedMain] Creating filter chain: any request, [org.springframework.security.web.context.request.async.WebAsyncManagerIntegrationFilter@5e5f136b, org.springframework.security.web.context.SecurityContextPersistenceFilter@98c2d40, org.springframework.security.web.header.HeaderWriterFilter@7e7265c6, org.springframework.security.web.csrf.CsrfFilter@1c5be4e1, org.springframework.security.web.authentication.logout.LogoutFilter@2f2758df, org.springframework.security.web.authentication.UsernamePasswordAuthenticationFilter@5b8aec25, org.springframework.security.web.authentication.ui.DefaultLoginPageGeneratingFilter@3eb10d87, org.springframework.security.web.authentication.ui.DefaultLogoutPageGeneratingFilter@852e707, org.springframework.security.web.authentication.www.BasicAuthenticationFilter@5b47f2a4, org.springframework.security.web.savedrequest.RequestCacheAwareFilter@1d4d1433, org.springframework.security.web.servletapi.SecurityContextHolderAwareRequestFilter@5ba82c8a, org.springframework.security.web.authentication.AnonymousAuthenticationFilter@ab53eb2, org.springframework.security.web.session.SessionManagementFilter@5b62f7b9, org.springframework.security.web.access.ExceptionTranslationFilter@42e3cacd, org.springframework.security.web.access.intercept.FilterSecurityInterceptor@1b58fbd6]
Using Logback - 2020-12-16 14:28:30,645 INFO org.hibernate.engine.transaction.jta.platform.internal.JtaPlatformInitiator [task-1] HHH000490: Using JtaPlatform implementation: [org.hibernate.engine.transaction.jta.platform.internal.NoJtaPlatform]
Using Logback - 2020-12-16 14:28:30,672 INFO org.springframework.orm.jpa.AbstractEntityManagerFactoryBean [task-1] Initialized JPA EntityManagerFactory for persistence unit 'default'
Using Logback - 2020-12-16 14:28:48,920 INFO org.springframework.boot.devtools.autoconfigure.OptionalLiveReloadServer [task-2] LiveReload server is running on port 35729
Using Logback - 2020-12-16 14:28:49,342 INFO org.springframework.boot.autoconfigure.web.servlet.WelcomePageHandlerMapping [restartedMain] Adding welcome page template: index
Using Logback - 2020-12-16 14:28:50,096 INFO org.apache.juli.logging.DirectJDKLog [restartedMain] Starting ProtocolHandler ["http-nio-8081"]
Using Logback - 2020-12-16 14:28:50,146 INFO org.springframework.boot.web.embedded.tomcat.TomcatWebServer [restartedMain] Tomcat started on port(s): 8081 (http) with context path ''
Using Logback - 2020-12-16 14:28:50,150 INFO springfox.documentation.spring.web.plugins.DocumentationPluginsBootstrapper [restartedMain] Context refreshed
Using Logback - 2020-12-16 14:28:50,201 INFO springfox.documentation.spring.web.plugins.DocumentationPluginsBootstrapper [restartedMain] Found 1 custom documentation plugin(s)
